<?xml version="1.0" encoding="UTF-8"?>
<!-- Generated by org.testng.reporters.JUnitReportReporter -->
<testsuite hostname="Xuan-Truong-2701" failures="0" tests="2" name="testNG.ThongKeTest" time="0.009" errors="0" timestamp="2024-04-08T11:32:36 ICT" skipped="0">
  <testcase classname="testNG.ThongKeTest" name="testTinhTrungBinhDoanhThu" time="0.001"/>
  <system-out/>
  <testcase classname="testNG.ThongKeTest" name="testTinhTongDoanhThu" time="0.008"/>
  <system-out/>
</testsuite> <!-- testNG.ThongKeTest -->
