<?xml version="1.0" encoding="UTF-8"?>
<!-- Generated by org.testng.reporters.JUnitReportReporter -->
<testsuite hostname="Xuan-Truong-2701" failures="0" tests="1" name="testNG.b" time="0.010" errors="0" timestamp="2024-04-08T11:19:36 ICT" skipped="0">
  <testcase classname="testNG.b" name="testXemMatKhau" time="0.010"/>
  <system-out/>
</testsuite> <!-- testNG.b -->
