<?xml version="1.0" encoding="UTF-8"?>
<!-- Generated by org.testng.reporters.JUnitReportReporter -->
<testsuite hostname="Xuan-Truong-2701" failures="0" tests="1" name="testNG.dangnhapTest" time="0.011" errors="0" timestamp="2024-03-25T13:07:28 ICT" skipped="0">
  <testcase classname="testNG.dangnhapTest" name="testLogin" time="0.011"/>
  <system-out/>
</testsuite> <!-- testNG.dangnhapTest -->
