<?xml version="1.0" encoding="UTF-8"?>
<!-- Generated by org.testng.reporters.JUnitReportReporter -->
<testsuite hostname="Xuan-Truong-2701" failures="0" tests="1" name="testNG.HoaDonTestThanhTien" time="0.011" errors="0" timestamp="2024-04-08T11:30:35 ICT" skipped="0">
  <testcase classname="testNG.HoaDonTestThanhTien" name="testTinhThanhTien" time="0.011"/>
  <system-out/>
</testsuite> <!-- testNG.HoaDonTestThanhTien -->
