<?xml version="1.0" encoding="UTF-8"?>
<!-- Generated by org.testng.reporters.JUnitReportReporter -->
<testsuite hostname="Xuan-Truong-2701" failures="0" tests="1" name="testNG.DoiMatKhauTest" time="0.009" errors="0" timestamp="2024-04-08T11:27:10 ICT" skipped="0">
  <testcase classname="testNG.DoiMatKhauTest" name="testDoiMatKhau" time="0.009"/>
  <system-out/>
</testsuite> <!-- testNG.DoiMatKhauTest -->
