<?xml version="1.0" encoding="UTF-8"?>
<!-- Generated by org.testng.reporters.JUnitReportReporter -->
<testsuite hostname="Xuan-Truong-2701" failures="0" tests="1" name="testNG.ChonNgaySinhTest" time="0.011" errors="0" timestamp="2024-03-25T12:45:05 ICT" skipped="0">
  <testcase classname="testNG.ChonNgaySinhTest" name="testSelectDate" time="0.011"/>
  <system-out/>
</testsuite> <!-- testNG.ChonNgaySinhTest -->
