<?xml version="1.0" encoding="UTF-8"?>
<!-- Generated by org.testng.reporters.JUnitReportReporter -->
<testsuite hostname="Xuan-Truong-2701" failures="0" tests="3" name="testNG.TrangChuTest" time="0.012" errors="0" timestamp="2024-04-08T11:13:20 ICT" skipped="0">
  <testcase classname="testNG.TrangChuTest" name="testTitle" time="0.001"/>
  <system-out/>
  <testcase classname="testNG.TrangChuTest" name="testWelcomeMessage" time="0.001"/>
  <system-out/>
  <testcase classname="testNG.TrangChuTest" name="testLogoDisplayed" time="0.010"/>
  <system-out/>
</testsuite> <!-- testNG.TrangChuTest -->
