<?xml version="1.0" encoding="UTF-8"?>
<!-- Generated by org.testng.reporters.JUnitReportReporter -->
<testsuite hostname="Xuan-Truong-2701" failures="0" tests="1" name="testNG.SanPhamTest" time="0.015" errors="0" timestamp="2024-03-25T13:07:33 ICT" skipped="0">
  <testcase classname="testNG.SanPhamTest" name="testGetGiaBan" time="0.015"/>
  <system-out/>
</testsuite> <!-- testNG.SanPhamTest -->
