<?xml version="1.0" encoding="UTF-8"?>
<!-- Generated by org.testng.reporters.JUnitReportReporter -->
<testsuite hostname="Xuan-Truong-2701" failures="0" tests="3" name="testNG.TrangChu" time="0.012" errors="0" timestamp="2024-04-08T11:13:42 ICT" skipped="0">
  <testcase classname="testNG.TrangChu" name="testLogoDisplayed" time="0.011"/>
  <system-out/>
  <testcase classname="testNG.TrangChu" name="testWelcomeMessage" time="0.000"/>
  <system-out/>
  <testcase classname="testNG.TrangChu" name="testTitle" time="0.001"/>
  <system-out/>
</testsuite> <!-- testNG.TrangChu -->
