<?xml version="1.0" encoding="UTF-8"?>
<!-- Generated by org.testng.reporters.JUnitReportReporter -->
<testsuite hostname="Xuan-Truong-2701" failures="0" tests="1" name="testNG.NhanVienTest" time="0.013" errors="0" timestamp="2024-03-25T13:06:36 ICT" skipped="0">
  <testcase classname="testNG.NhanVienTest" name="testQuenMatKhau" time="0.013"/>
  <system-out/>
</testsuite> <!-- testNG.NhanVienTest -->
